Analysis & Synthesis report for HDCPU
Sat Jul 03 00:33:26 2021
Quartus II Version 9.1 Build 222 10/21/2009 SJ Full Version


---------------------
; Table of Contents ;
---------------------
  1. Legal Notice
  2. Analysis & Synthesis Summary
  3. Analysis & Synthesis Settings
  4. Parallel Compilation
  5. Analysis & Synthesis Source Files Read
  6. Analysis & Synthesis Resource Usage Summary
  7. Analysis & Synthesis Resource Utilization by Entity
  8. User-Specified and Inferred Latches
  9. Analysis & Synthesis Messages
 10. Analysis & Synthesis Suppressed Messages



----------------
; Legal Notice ;
----------------
Copyright (C) 1991-2009 Altera Corporation
Your use of Altera Corporation's design tools, logic functions 
and other software and tools, and its AMPP partner logic 
functions, and any output files from any of the foregoing 
(including device programming or simulation files), and any 
associated documentation or information are expressly subject 
to the terms and conditions of the Altera Program License 
Subscription Agreement, Altera MegaCore Function License 
Agreement, or other applicable license agreement, including, 
without limitation, that your use is for the sole purpose of 
programming logic devices manufactured by Altera and sold by 
Altera or its authorized distributors.  Please refer to the 
applicable agreement for further details.



+------------------------------------------------------------------------+
; Analysis & Synthesis Summary                                           ;
+-----------------------------+------------------------------------------+
; Analysis & Synthesis Status ; Successful - Sat Jul 03 00:33:26 2021    ;
; Quartus II Version          ; 9.1 Build 222 10/21/2009 SJ Full Version ;
; Revision Name               ; HDCPU                                    ;
; Top-level Entity Name       ; HDCPU                                    ;
; Family                      ; MAX7000S                                 ;
; Total macrocells            ; 30                                       ;
; Total pins                  ; 41                                       ;
+-----------------------------+------------------------------------------+


+--------------------------------------------------------------------------------------------------------------+
; Analysis & Synthesis Settings                                                                                ;
+----------------------------------------------------------------------------+-----------------+---------------+
; Option                                                                     ; Setting         ; Default Value ;
+----------------------------------------------------------------------------+-----------------+---------------+
; Device                                                                     ; EPM7128SLC84-15 ;               ;
; Top-level entity name                                                      ; HDCPU           ; HDCPU         ;
; Family name                                                                ; MAX7000S        ; Stratix II    ;
; Type of Retiming Performed During Resynthesis                              ; Full            ;               ;
; Resynthesis Optimization Effort                                            ; Normal          ;               ;
; Physical Synthesis Level for Resynthesis                                   ; Normal          ;               ;
; Use Generated Physical Constraints File                                    ; On              ;               ;
; Use smart compilation                                                      ; Off             ; Off           ;
; Enable parallel Assembler and TimeQuest Timing Analyzer during compilation ; On              ; On            ;
; Enable compact report table                                                ; Off             ; Off           ;
; Create Debugging Nodes for IP Cores                                        ; Off             ; Off           ;
; Preserve fewer node names                                                  ; On              ; On            ;
; Disable OpenCore Plus hardware evaluation                                  ; Off             ; Off           ;
; Verilog Version                                                            ; Verilog_2001    ; Verilog_2001  ;
; VHDL Version                                                               ; VHDL_1993       ; VHDL_1993     ;
; State Machine Processing                                                   ; Auto            ; Auto          ;
; Safe State Machine                                                         ; Off             ; Off           ;
; Extract Verilog State Machines                                             ; On              ; On            ;
; Extract VHDL State Machines                                                ; On              ; On            ;
; Ignore Verilog initial constructs                                          ; Off             ; Off           ;
; Iteration limit for constant Verilog loops                                 ; 5000            ; 5000          ;
; Iteration limit for non-constant Verilog loops                             ; 250             ; 250           ;
; Add Pass-Through Logic to Inferred RAMs                                    ; On              ; On            ;
; Parallel Synthesis                                                         ; On              ; On            ;
; NOT Gate Push-Back                                                         ; On              ; On            ;
; Power-Up Don't Care                                                        ; On              ; On            ;
; Remove Duplicate Registers                                                 ; On              ; On            ;
; Ignore CARRY Buffers                                                       ; Off             ; Off           ;
; Ignore CASCADE Buffers                                                     ; Off             ; Off           ;
; Ignore GLOBAL Buffers                                                      ; Off             ; Off           ;
; Ignore ROW GLOBAL Buffers                                                  ; Off             ; Off           ;
; Ignore LCELL Buffers                                                       ; Auto            ; Auto          ;
; Ignore SOFT Buffers                                                        ; Off             ; Off           ;
; Limit AHDL Integers to 32 Bits                                             ; Off             ; Off           ;
; Optimization Technique                                                     ; Speed           ; Speed         ;
; Allow XOR Gate Usage                                                       ; On              ; On            ;
; Auto Logic Cell Insertion                                                  ; On              ; On            ;
; Parallel Expander Chain Length                                             ; 4               ; 4             ;
; Auto Parallel Expanders                                                    ; On              ; On            ;
; Auto Open-Drain Pins                                                       ; On              ; On            ;
; Auto Resource Sharing                                                      ; Off             ; Off           ;
; Maximum Fan-in Per Macrocell                                               ; 100             ; 100           ;
; Use LogicLock Constraints during Resource Balancing                        ; On              ; On            ;
; Ignore translate_off and synthesis_off directives                          ; Off             ; Off           ;
; Show Parameter Settings Tables in Synthesis Report                         ; On              ; On            ;
; HDL message level                                                          ; Level2          ; Level2        ;
; Suppress Register Optimization Related Messages                            ; Off             ; Off           ;
; Number of Removed Registers Reported in Synthesis Report                   ; 100             ; 100           ;
; Number of Inverted Registers Reported in Synthesis Report                  ; 100             ; 100           ;
; Block Design Naming                                                        ; Auto            ; Auto          ;
; Synthesis Effort                                                           ; Auto            ; Auto          ;
; Shift Register Replacement - Allow Asynchronous Clear Signal               ; On              ; On            ;
; Analysis & Synthesis Message Level                                         ; Medium          ; Medium        ;
; Disable Register Merging Across Hierarchies                                ; Auto            ; Auto          ;
+----------------------------------------------------------------------------+-----------------+---------------+


+------------------------------------------+
; Parallel Compilation                     ;
+----------------------------+-------------+
; Processors                 ; Number      ;
+----------------------------+-------------+
; Number detected on machine ; 4           ;
; Maximum allowed            ; 4           ;
;                            ;             ;
; Average used               ; 1.00        ;
; Maximum used               ; 1           ;
;                            ;             ;
; Usage by Processor         ; % Time Used ;
;     1 processor            ; 100.0%      ;
;     2-4 processors         ;   0.0%      ;
+----------------------------+-------------+


+----------------------------------------------------------------------------------------------------------------------------+
; Analysis & Synthesis Source Files Read                                                                                     ;
+----------------------------------+-----------------+------------------------+----------------------------------------------+
; File Name with User-Entered Path ; Used in Netlist ; File Type              ; File Name with Absolute Path                 ;
+----------------------------------+-----------------+------------------------+----------------------------------------------+
; HDCPU.v                          ; yes             ; User Verilog HDL File  ; G:/Datas/Develop/Codes/Github/HD-CPU/HDCPU.v ;
+----------------------------------+-----------------+------------------------+----------------------------------------------+


+---------------------------------------------+
; Analysis & Synthesis Resource Usage Summary ;
+----------------------+----------------------+
; Resource             ; Usage                ;
+----------------------+----------------------+
; Logic cells          ; 30                   ;
; Total registers      ; 0                    ;
; I/O pins             ; 41                   ;
; Shareable expanders  ; 3                    ;
; Maximum fan-out node ; SW[0]                ;
; Maximum fan-out      ; 18                   ;
; Total fan-out        ; 131                  ;
; Average fan-out      ; 1.77                 ;
+----------------------+----------------------+


+-------------------------------------------------------------------------------------+
; Analysis & Synthesis Resource Utilization by Entity                                 ;
+----------------------------+------------+------+---------------------+--------------+
; Compilation Hierarchy Node ; Macrocells ; Pins ; Full Hierarchy Name ; Library Name ;
+----------------------------+------------+------+---------------------+--------------+
; |HDCPU                     ; 30         ; 41   ; |HDCPU              ; work         ;
+----------------------------+------------+------+---------------------+--------------+


+---------------------------------------------------------------------------------------------------+
; User-Specified and Inferred Latches                                                               ;
+----------------------------------------------------+---------------------+------------------------+
; Latch Name                                         ; Latch Enable Signal ; Free of Timing Hazards ;
+----------------------------------------------------+---------------------+------------------------+
; ST0                                                ; ST0                 ; yes                    ;
; SST0                                               ; Mux0                ; yes                    ;
; Number of user-specified and inferred latches = 2  ;                     ;                        ;
+----------------------------------------------------+---------------------+------------------------+
Note: All latches listed above may not be present at the end of synthesis due to various synthesis optimizations.


+-------------------------------+
; Analysis & Synthesis Messages ;
+-------------------------------+
Info: *******************************************************************
Info: Running Quartus II Analysis & Synthesis
    Info: Version 9.1 Build 222 10/21/2009 SJ Full Version
    Info: Processing started: Sat Jul 03 00:33:26 2021
Info: Command: quartus_map --read_settings_files=on --write_settings_files=off HDCPU -c HDCPU
Info: Parallel compilation is enabled and will use 4 of the 4 processors detected
Info: Found 1 design units, including 1 entities, in source file hdcpu.v
    Info: Found entity 1: HDCPU
Info: Elaborating entity "HDCPU" for the top level hierarchy
Warning (10235): Verilog HDL Always Construct warning at HDCPU.v(53): variable "SST0" is read inside the Always Construct but isn't in the Always Construct's Event Control
Warning (10235): Verilog HDL Always Construct warning at HDCPU.v(54): variable "SST0" is read inside the Always Construct but isn't in the Always Construct's Event Control
Warning (10235): Verilog HDL Always Construct warning at HDCPU.v(56): variable "ST0" is read inside the Always Construct but isn't in the Always Construct's Event Control
Warning (10235): Verilog HDL Always Construct warning at HDCPU.v(62): variable "ST0" is read inside the Always Construct but isn't in the Always Construct's Event Control
Warning (10235): Verilog HDL Always Construct warning at HDCPU.v(63): variable "ST0" is read inside the Always Construct but isn't in the Always Construct's Event Control
Warning (10235): Verilog HDL Always Construct warning at HDCPU.v(64): variable "ST0" is read inside the Always Construct but isn't in the Always Construct's Event Control
Warning (10235): Verilog HDL Always Construct warning at HDCPU.v(73): variable "ST0" is read inside the Always Construct but isn't in the Always Construct's Event Control
Warning (10235): Verilog HDL Always Construct warning at HDCPU.v(74): variable "ST0" is read inside the Always Construct but isn't in the Always Construct's Event Control
Warning (10235): Verilog HDL Always Construct warning at HDCPU.v(75): variable "ST0" is read inside the Always Construct but isn't in the Always Construct's Event Control
Warning (10235): Verilog HDL Always Construct warning at HDCPU.v(76): variable "ST0" is read inside the Always Construct but isn't in the Always Construct's Event Control
Warning (10235): Verilog HDL Always Construct warning at HDCPU.v(77): variable "ST0" is read inside the Always Construct but isn't in the Always Construct's Event Control
Warning (10235): Verilog HDL Always Construct warning at HDCPU.v(97): variable "ST0" is read inside the Always Construct but isn't in the Always Construct's Event Control
Warning (10235): Verilog HDL Always Construct warning at HDCPU.v(98): variable "ST0" is read inside the Always Construct but isn't in the Always Construct's Event Control
Warning (10235): Verilog HDL Always Construct warning at HDCPU.v(100): variable "ST0" is read inside the Always Construct but isn't in the Always Construct's Event Control
Warning (10270): Verilog HDL Case Statement warning at HDCPU.v(59): incomplete case statement has no default case item
Warning (10240): Verilog HDL Always Construct warning at HDCPU.v(41): inferring latch(es) for variable "ST0", which holds its previous value in one or more paths through the always construct
Warning (10240): Verilog HDL Always Construct warning at HDCPU.v(41): inferring latch(es) for variable "SST0", which holds its previous value in one or more paths through the always construct
Info (10041): Inferred latch for "ST0" at HDCPU.v(41)
Info (10041): Inferred latch for "SST0" at HDCPU.v(51)
Warning: Output pins are stuck at VCC or GND
    Warning (13410): Pin "LDC" is stuck at GND
    Warning (13410): Pin "LDZ" is stuck at GND
    Warning (13410): Pin "CIN" is stuck at GND
    Warning (13410): Pin "S[0]" is stuck at GND
    Warning (13410): Pin "S[1]" is stuck at GND
    Warning (13410): Pin "S[2]" is stuck at GND
    Warning (13410): Pin "S[3]" is stuck at GND
    Warning (13410): Pin "M" is stuck at GND
    Warning (13410): Pin "ABUS" is stuck at GND
    Warning (13410): Pin "PCINC" is stuck at GND
    Warning (13410): Pin "LPC" is stuck at GND
    Warning (13410): Pin "PCADD" is stuck at GND
    Warning (13410): Pin "LIR" is stuck at GND
    Warning (13410): Pin "LONG" is stuck at GND
Warning: Design contains 7 input pin(s) that do not drive logic
    Warning (15610): No output dependent on input pin "C"
    Warning (15610): No output dependent on input pin "Z"
    Warning (15610): No output dependent on input pin "IR[4]"
    Warning (15610): No output dependent on input pin "IR[5]"
    Warning (15610): No output dependent on input pin "IR[6]"
    Warning (15610): No output dependent on input pin "IR[7]"
    Warning (15610): No output dependent on input pin "W[3]"
Info: Implemented 74 device resources after synthesis - the final resource count might be different
    Info: Implemented 14 input pins
    Info: Implemented 27 output pins
    Info: Implemented 30 macrocells
    Info: Implemented 3 shareable expanders
Info: Generated suppressed messages file G:/Datas/Develop/Codes/Github/HD-CPU/HDCPU.map.smsg
Info: Quartus II Analysis & Synthesis was successful. 0 errors, 40 warnings
    Info: Peak virtual memory: 215 megabytes
    Info: Processing ended: Sat Jul 03 00:33:26 2021
    Info: Elapsed time: 00:00:00
    Info: Total CPU time (on all processors): 00:00:01


+------------------------------------------+
; Analysis & Synthesis Suppressed Messages ;
+------------------------------------------+
The suppressed messages can be found in G:/Datas/Develop/Codes/Github/HD-CPU/HDCPU.map.smsg.


